<?xml version="1.0" encoding="UTF-8"?>
<testsuite xmlns:xsi="http://www.w3.org/2001/XMLSchema-instance" xsi:noNamespaceSchemaLocation="https://maven.apache.org/surefire/maven-surefire-plugin/xsd/surefire-test-report.xsd" name="com.mycompany.sd.LoginTest" time="0.069" tests="1" errors="1" skipped="0" failures="0">
  <properties>
[...]
</properties>
  <testcase name="testAuthenticateValidUser" classname="com.mycompany.sd.LoginTest" time="0.05">
    <error type="java.lang.ExceptionInInitializerError">java.lang.ExceptionInInitializerError
	at com.mycompany.sd.LoginTest.testAuthenticateValidUser(LoginTest.java:42)
Caused by: java.lang.RuntimeException: Uncompilable code - method authenticate(java.lang.String,java.lang.String) is already defined in class com.mycompany.sd.Login
	at com.mycompany.sd.LoginTest.testAuthenticateValidUser(LoginTest.java:42)
</error>
  </testcase>
</testsuite>